********************************************************************************
DUPLICATOR-LITE PACKAGE-LOG: 20 January 2025 9h31
NOTICE: Do NOT post to public sites or forums 
********************************************************************************
VERSION:	1.5.11.2
WORDPRESS:	6.7.1
PHP INFO:	8.2.13 | SAPI: apache2handler
SERVER:		Apache/2.4.58 (Win64) PHP/8.2.13 mod_fcgid/2.3.10-dev 
PHP TIME LIMIT: (0) no time limit imposed 
PHP MAX MEMORY: 4294967296 (128M default) 
MEMORY STACK: 8MB

********************************************************************************
DATABASE:
********************************************************************************
BUILD MODE:   PHP(query limit - 100)
MYSQLTIMEOUT: 5000
MYSQLDUMP:    Not Supported
TABLES: total:19 | filtered:0 | create:19
FILTERED: []
SQL CREATED: site_e15fdfd9f40f05365859_20250120093108_database.sql
SQL FILE SIZE: 6.97MB (7303906)
SQL FILE TIME: 2025-01-20 09:31:19
SQL RUNTIME: 0.82 sec.

********************************************************************************
ARCHIVE (ZIP):
********************************************************************************
ARCHIVE DIR:  C:/wamp64/www/wordpress_groupe/gite
ARCHIVE FILE: site_e15fdfd9f40f05365859_20250120093108_archive.zip
FILTERS: *OFF*
DIRS:
	not set
FILES:
	not set
EXTS:  not set
----------------------------------------
COMPRESSING
SIZE:	223.93MB
STATS:	Dirs 1,133 | Files 10,272
SQL ADDED: site_e15fdfd9f40f05365859_20250120093108_database.sql
ZipArchive Object
(
    [lastId] => 11404
    [status] => 0
    [statusSys] => 0
    [numFiles] => 11405
    [filename] => C:\wamp64\www\wordpress_groupe\gite\wp-content\backups-dup-lite\tmp\site_e15fdfd9f40f05365859_20250120093108_archive.zip
    [comment] => 
)

FILE ADDED TO ZIP: 11404
COMPRESSION RESULT: '1'
COMPRESSED SIZE: 135.5MB
ARCHIVE RUNTIME: 127.02 sec.
MEMORY STACK: 12MB
building installer
ARCHIVE CONSISTENCY TEST: PASS

********************************************************************************
INTEGRITY CHECKS:
********************************************************************************
SQL FILE: 6.97MB
INSTALLER FILE: 73.46KB
ARCHIVE FILE: 137.63MB 
EXPECTED FILE/DIRECTORY COUNT: 11,405
ACTUAL FILE/DIRECTORY COUNT: 11,404
ARCHIVE CONSISTENCY TEST: Pass

********************************************************************************
RECORD ID:[5]
TOTAL PROCESS RUNTIME: 129.47 sec.
PEAK PHP MEMORY USED: 14MB
DONE PROCESSING => site 20 January 2025 9h33

